# JRE version: Java(TM) SE Runtime Environment (8.0_144-b01) (build 1.8.0_144-b01)
# Java VM: Java HotSpot(TM) 64-Bit Server VM (25.144-b01 mixed mode windows-amd64 compressed oops)
Heap:
 PSYoungGen      total 142336K, used 93618K [0x000000076b100000, 0x0000000776600000, 0x00000007c0000000)
  eden space 117760K, 58% used [0x000000076b100000,0x000000076f46d330,0x0000000772400000)
  from space 24576K, 99% used [0x0000000772780000,0x0000000773f7f5f0,0x0000000773f80000)
  to   space 33792K, 0% used [0x0000000774500000,0x0000000774500000,0x0000000776600000)
 ParOldGen       total 225792K, used 68526K [0x00000006c1200000, 0x00000006cee80000, 0x000000076b100000)
  object space 225792K, 30% used [0x00000006c1200000,0x00000006c54eb878,0x00000006cee80000)
 Metaspace       used 55342K, capacity 57020K, committed 57088K, reserved 1099776K
  class space    used 6958K, capacity 7405K, committed 7424K, reserved 1048576K
GC Heap History (10 events):
Event: 7.871 GC heap before
{Heap before GC invocations=7 (full 2):
 PSYoungGen      total 101888K, used 91136K [0x000000076b100000, 0x0000000774600000, 0x00000007c0000000)
  eden space 91136K, 100% used [0x000000076b100000,0x0000000770a00000,0x0000000770a00000)
  from space 10752K, 0% used [0x0000000773b80000,0x0000000773b80000,0x0000000774600000)
  to   space 10752K, 0% used [0x0000000773100000,0x0000000773100000,0x0000000773b80000)
 ParOldGen       total 225792K, used 24658K [0x00000006c1200000, 0x00000006cee80000, 0x000000076b100000)
  object space 225792K, 10% used [0x00000006c1200000,0x00000006c2a148e8,0x00000006cee80000)
 Metaspace       used 46955K, capacity 48230K, committed 48512K, reserved 1091584K
  class space    used 6142K, capacity 6496K, committed 6528K, reserved 1048576K
Event: 7.881 GC heap after
Heap after GC invocations=7 (full 2):
 PSYoungGen      total 117760K, used 10722K [0x000000076b100000, 0x0000000773c00000, 0x00000007c0000000)
  eden space 107008K, 0% used [0x000000076b100000,0x000000076b100000,0x0000000771980000)
  from space 10752K, 99% used [0x0000000773100000,0x0000000773b78a78,0x0000000773b80000)
  to   space 512K, 0% used [0x0000000773b80000,0x0000000773b80000,0x0000000773c00000)
 ParOldGen       total 225792K, used 29047K [0x00000006c1200000, 0x00000006cee80000, 0x000000076b100000)
  object space 225792K, 12% used [0x00000006c1200000,0x00000006c2e5dea0,0x00000006cee80000)
 Metaspace       used 46955K, capacity 48230K, committed 48512K, reserved 1091584K
  class space    used 6142K, capacity 6496K, committed 6528K, reserved 1048576K
}
Event: 73.191 GC heap before
{Heap before GC invocations=8 (full 2):
 PSYoungGen      total 117760K, used 117730K [0x000000076b100000, 0x0000000773c00000, 0x00000007c0000000)
  eden space 107008K, 100% used [0x000000076b100000,0x0000000771980000,0x0000000771980000)
  from space 10752K, 99% used [0x0000000773100000,0x0000000773b78a78,0x0000000773b80000)
  to   space 512K, 0% used [0x0000000773b80000,0x0000000773b80000,0x0000000773c00000)
 ParOldGen       total 225792K, used 29047K [0x00000006c1200000, 0x00000006cee80000, 0x000000076b100000)
  object space 225792K, 12% used [0x00000006c1200000,0x00000006c2e5dea0,0x00000006cee80000)
 Metaspace       used 49499K, capacity 50868K, committed 51072K, reserved 1093632K
  class space    used 6313K, capacity 6685K, committed 6784K, reserved 1048576K
Event: 73.197 GC heap after
Heap after GC invocations=8 (full 2):
 PSYoungGen      total 122368K, used 480K [0x000000076b100000, 0x0000000774900000, 0x00000007c0000000)
  eden space 121856K, 0% used [0x000000076b100000,0x000000076b100000,0x0000000772800000)
  from space 512K, 93% used [0x0000000773b80000,0x0000000773bf8010,0x0000000773c00000)
  to   space 16896K, 0% used [0x0000000772800000,0x0000000772800000,0x0000000773880000)
 ParOldGen       total 225792K, used 42469K [0x00000006c1200000, 0x00000006cee80000, 0x000000076b100000)
  object space 225792K, 18% used [0x00000006c1200000,0x00000006c3b797e8,0x00000006cee80000)
 Metaspace       used 49499K, capacity 50868K, committed 51072K, reserved 1093632K
  class space    used 6313K, capacity 6685K, committed 6784K, reserved 1048576K
}
Event: 120.092 GC heap before
{Heap before GC invocations=9 (full 2):
 PSYoungGen      total 122368K, used 122320K [0x000000076b100000, 0x0000000774900000, 0x00000007c0000000)
  eden space 121856K, 99% used [0x000000076b100000,0x00000007727fc050,0x0000000772800000)
  from space 512K, 93% used [0x0000000773b80000,0x0000000773bf8010,0x0000000773c00000)
  to   space 16896K, 0% used [0x0000000772800000,0x0000000772800000,0x0000000773880000)
 ParOldGen       total 225792K, used 42469K [0x00000006c1200000, 0x00000006cee80000, 0x000000076b100000)
  object space 225792K, 18% used [0x00000006c1200000,0x00000006c3b797e8,0x00000006cee80000)
 Metaspace       used 52013K, capacity 53464K, committed 53760K, reserved 1095680K
  class space    used 6670K, capacity 7047K, committed 7168K, reserved 1048576K
Event: 120.096 GC heap after
Heap after GC invocations=9 (full 2):
 PSYoungGen      total 138752K, used 6435K [0x000000076b100000, 0x0000000775780000, 0x00000007c0000000)
  eden space 121856K, 0% used [0x000000076b100000,0x000000076b100000,0x0000000772800000)
  from space 16896K, 38% used [0x0000000772800000,0x0000000772e48d60,0x0000000773880000)
  to   space 17920K, 0% used [0x0000000774600000,0x0000000774600000,0x0000000775780000)
 ParOldGen       total 225792K, used 42477K [0x00000006c1200000, 0x00000006cee80000, 0x000000076b100000)
  object space 225792K, 18% used [0x00000006c1200000,0x00000006c3b7b7e8,0x00000006cee80000)
 Metaspace       used 52013K, capacity 53464K, committed 53760K, reserved 1095680K
  class space    used 6670K, capacity 7047K, committed 7168K, reserved 1048576K
}
Event: 161.678 GC heap before
{Heap before GC invocations=10 (full 2):
 PSYoungGen      total 138752K, used 128291K [0x000000076b100000, 0x0000000775780000, 0x00000007c0000000)
  eden space 121856K, 100% used [0x000000076b100000,0x0000000772800000,0x0000000772800000)
  from space 16896K, 38% used [0x0000000772800000,0x0000000772e48d60,0x0000000773880000)
  to   space 17920K, 0% used [0x0000000774600000,0x0000000774600000,0x0000000775780000)
 ParOldGen       total 225792K, used 42479K [0x00000006c1200000, 0x00000006cee80000, 0x000000076b100000)
  object space 225792K, 18% used [0x00000006c1200000,0x00000006c3b7bd78,0x00000006cee80000)
 Metaspace       used 54656K, capacity 56248K, committed 56576K, reserved 1097728K
  class space    used 6904K, capacity 7333K, committed 7424K, reserved 1048576K
Event: 161.689 GC heap after
Heap after GC invocations=10 (full 2):
 PSYoungGen      total 137728K, used 17909K [0x000000076b100000, 0x0000000775780000, 0x00000007c0000000)
  eden space 119808K, 0% used [0x000000076b100000,0x000000076b100000,0x0000000772600000)
  from space 17920K, 99% used [0x0000000774600000,0x000000077577d528,0x0000000775780000)
  to   space 24576K, 0% used [0x0000000772780000,0x0000000772780000,0x0000000773f80000)
 ParOldGen       total 225792K, used 54051K [0x00000006c1200000, 0x00000006cee80000, 0x000000076b100000)
  object space 225792K, 23% used [0x00000006c1200000,0x00000006c46c8c10,0x00000006cee80000)
 Metaspace       used 54656K, capacity 56248K, committed 56576K, reserved 1097728K
  class space    used 6904K, capacity 7333K, committed 7424K, reserved 1048576K
}
Event: 181.525 GC heap before
{Heap before GC invocations=11 (full 2):
 PSYoungGen      total 137728K, used 137717K [0x000000076b100000, 0x0000000775780000, 0x00000007c0000000)
  eden space 119808K, 100% used [0x000000076b100000,0x0000000772600000,0x0000000772600000)
  from space 17920K, 99% used [0x0000000774600000,0x000000077577d528,0x0000000775780000)
  to   space 24576K, 0% used [0x0000000772780000,0x0000000772780000,0x0000000773f80000)
 ParOldGen       total 225792K, used 54054K [0x00000006c1200000, 0x00000006cee80000, 0x000000076b100000)
  object space 225792K, 23% used [0x00000006c1200000,0x00000006c46c9a30,0x00000006cee80000)
 Metaspace       used 55030K, capacity 56584K, committed 56832K, reserved 1099776K
  class space    used 6905K, capacity 7333K, committed 7424K, reserved 1048576K
Event: 181.539 GC heap after
Heap after GC invocations=11 (full 2):
 PSYoungGen      total 142336K, used 24573K [0x000000076b100000, 0x0000000776600000, 0x00000007c0000000)
  eden space 117760K, 0% used [0x000000076b100000,0x000000076b100000,0x0000000772400000)
  from space 24576K, 99% used [0x0000000772780000,0x0000000773f7f5f0,0x0000000773f80000)
  to   space 33792K, 0% used [0x0000000774500000,0x0000000774500000,0x0000000776600000)
 ParOldGen       total 225792K, used 68526K [0x00000006c1200000, 0x00000006cee80000, 0x000000076b100000)
  object space 225792K, 30% used [0x00000006c1200000,0x00000006c54eb878,0x00000006cee80000)
 Metaspace       used 55030K, capacity 56584K, committed 56832K, reserved 1099776K
  class space    used 6905K, capacity 7333K, committed 7424K, reserved 1048576K
}

